<?xml version="1.0" encoding="UTF-8"?>
<!-- Generated by org.testng.reporters.JUnitXMLReporter -->
<testsuite ignored="0" hostname="Gilberts-MacBook-Pro.local" failures="0" tests="3" name="Login page Test - Chrome" time="7.123" errors="0" timestamp="29 Nov 2020 04:55:03 GMT">
  <testcase classname="com.qa.orangeHRM.tests.LoginPageTest" name="verifyForgotPasswrodLink" time="0.335"/>
  <testcase classname="com.qa.orangeHRM.tests.LoginPageTest" name="verifyLoginPageTitle" time="0.024"/>
  <testcase classname="com.qa.orangeHRM.tests.LoginPageTest" name="loginTest" time="2.133"/>
</testsuite> <!-- Login page Test - Chrome -->
