<?xml version="1.0" encoding="UTF-8"?>
<!-- Generated by org.testng.reporters.JUnitXMLReporter -->
<testsuite ignored="2" hostname="Gilberts-MacBook-Pro.local" failures="0" tests="7" name="Login page Test - FF" time="11.573" errors="0" timestamp="29 Nov 2020 04:55:07 GMT">
  <testcase classname="com.qa.orangeHRM.tests.HomePageTest" name="@BeforeClass homePageSetup" time="0.001">
    <failure type="java.lang.NullPointerException" message="Cannot invoke &amp;quot;java.util.Properties.getProperty(String)&amp;quot; because &amp;quot;this.prop&amp;quot; is null">
      <![CDATA[java.lang.NullPointerException: Cannot invoke "java.util.Properties.getProperty(String)" because "this.prop" is null
at com.qa.orangeHRM.tests.HomePageTest.homePageSetup(HomePageTest.java:15)
at java.base/java.util.concurrent.FutureTask.run(FutureTask.java:264)
at java.base/java.util.concurrent.ThreadPoolExecutor.runWorker(ThreadPoolExecutor.java:1130)
at java.base/java.util.concurrent.ThreadPoolExecutor$Worker.run(ThreadPoolExecutor.java:630)
at java.base/java.lang.Thread.run(Thread.java:832)
... Removed 17 stack frames]]>
    </failure>
  </testcase> <!-- @BeforeClass homePageSetup -->
  <testcase classname="com.qa.orangeHRM.tests.LoginPageTest" name="verifyForgotPasswrodLink" time="0.09"/>
  <testcase classname="com.qa.orangeHRM.tests.HomePageTest" name="verifyHomePageTitle" time="0.0">
    <skipped/>
  </testcase> <!-- verifyHomePageTitle -->
  <testcase classname="com.qa.orangeHRM.tests.LoginPageTest" name="verifyLoginPageTitle" time="0.009"/>
  <testcase classname="com.qa.orangeHRM.tests.HomePageTest" name="HomePageHeaderTest" time="0.0">
    <skipped/>
  </testcase> <!-- HomePageHeaderTest -->
  <testcase classname="com.qa.orangeHRM.tests.LoginPageTest" name="loginTest" time="1.729"/>
  <testcase classname="com.qa.orangeHRM.tests.HomePageTest" name="UserAccountNameTest" time="0.0">
    <skipped/>
  </testcase> <!-- UserAccountNameTest -->
  <testcase classname="com.qa.orangeHRM.tests.HomePageTest" name="NotificationIconTest" time="0.0">
    <skipped/>
  </testcase> <!-- NotificationIconTest -->
  <testcase classname="com.qa.orangeHRM.base.BaseTest" name="@BeforeTest setUp" time="0.0">
    <ignored/>
  </testcase> <!-- @BeforeTest setUp -->
  <testcase classname="com.qa.orangeHRM.base.BaseTest" name="@AfterTest tearDown" time="0.0">
    <ignored/>
  </testcase> <!-- @AfterTest tearDown -->
</testsuite> <!-- Login page Test - FF -->
