<?xml version="1.0" encoding="UTF-8"?>
<testsuite xmlns:xsi="http://www.w3.org/2001/XMLSchema-instance" xsi:noNamespaceSchemaLocation="https://maven.apache.org/surefire/maven-surefire-plugin/xsd/surefire-test-report.xsd" name="TestSuite" time="13.041" tests="11" errors="0" skipped="4" failures="1">
  <properties>
[...]
</properties>
  <testcase name="verifyForgotPasswrodLink" classname="com.qa.orangeHRM.tests.LoginPageTest" time="0.336"/>
  <testcase name="verifyForgotPasswrodLink" classname="com.qa.orangeHRM.tests.LoginPageTest" time="0.089"/>
  <testcase name="verifyLoginPageTitle" classname="com.qa.orangeHRM.tests.LoginPageTest" time="0.024"/>
  <testcase name="verifyLoginPageTitle" classname="com.qa.orangeHRM.tests.LoginPageTest" time="0.009"/>
  <testcase name="loginTest" classname="com.qa.orangeHRM.tests.LoginPageTest" time="2.134"/>
  <testcase name="loginTest" classname="com.qa.orangeHRM.tests.LoginPageTest" time="1.729"/>
  <testcase name="homePageSetup" classname="com.qa.orangeHRM.tests.HomePageTest" time="0.105">
    <failure message="Cannot invoke &quot;java.util.Properties.getProperty(String)&quot; because &quot;this.prop&quot; is null" type="java.lang.NullPointerException">java.lang.NullPointerException: Cannot invoke "java.util.Properties.getProperty(String)" because "this.prop" is null
	at com.qa.orangeHRM.tests.HomePageTest.homePageSetup(HomePageTest.java:15)
</failure>
    <system-out><![CDATA[I am in onTestSuccess method verifyForgotPasswrodLink succeed
verifyForgotPasswrodLink passed!
]]></system-out>
  </testcase>
  <testcase name="verifyHomePageTitle" classname="com.qa.orangeHRM.tests.HomePageTest" time="0">
    <skipped message="Cannot invoke &quot;java.util.Properties.getProperty(String)&quot; because &quot;this.prop&quot; is null"/>
    <system-out><![CDATA[I am in onTestSkipped method verifyHomePageTitle skipped
]]></system-out>
  </testcase>
  <testcase name="HomePageHeaderTest" classname="com.qa.orangeHRM.tests.HomePageTest" time="0">
    <skipped message="Cannot invoke &quot;java.util.Properties.getProperty(String)&quot; because &quot;this.prop&quot; is null"/>
    <system-out><![CDATA[I am in onTestSuccess method verifyLoginPageTitle succeed
verifyLoginPageTitle passed!
I am in onTestSkipped method HomePageHeaderTest skipped
]]></system-out>
  </testcase>
  <testcase name="UserAccountNameTest" classname="com.qa.orangeHRM.tests.HomePageTest" time="0">
    <skipped message="Cannot invoke &quot;java.util.Properties.getProperty(String)&quot; because &quot;this.prop&quot; is null"/>
    <system-out><![CDATA[I am in onTestSuccess method loginTest succeed
loginTest passed!
I am in onTestSkipped method UserAccountNameTest skipped
]]></system-out>
  </testcase>
  <testcase name="NotificationIconTest" classname="com.qa.orangeHRM.tests.HomePageTest" time="0">
    <skipped message="Cannot invoke &quot;java.util.Properties.getProperty(String)&quot; because &quot;this.prop&quot; is null"/>
    <system-out><![CDATA[I am in onTestSkipped method UserAccountNameTest skipped
UserAccountNameTest skipped!
I am in onTestSkipped method NotificationIconTest skipped
]]></system-out>
  </testcase>
</testsuite>