<?xml version="1.0" encoding="UTF-8"?>
<!-- Generated by org.testng.reporters.JUnitXMLReporter -->
<testsuite hostname="Gilberts-MacBook-Pro.local" ignored="0" name="Login page Test - Chrome" tests="3" failures="0" timestamp="30 Nov 2020 03:09:16 GMT" time="7.653" errors="0">
  <testcase name="verifyForgotPasswrodLink" time="0.404" classname="com.qa.orangeHRM.tests.LoginPageTest"/>
  <testcase name="verifyLoginPageTitle" time="0.074" classname="com.qa.orangeHRM.tests.LoginPageTest"/>
  <testcase name="loginTest" time="2.04" classname="com.qa.orangeHRM.tests.LoginPageTest"/>
</testsuite> <!-- Login page Test - Chrome -->
