<?xml version="1.0" encoding="UTF-8"?>
<!-- Generated by org.testng.reporters.JUnitXMLReporter -->
<testsuite hostname="Gilberts-MacBook-Pro.local" ignored="2" name="Login page Test - FF" tests="7" failures="0" timestamp="30 Nov 2020 03:09:23 GMT" time="14.31" errors="0">
  <testcase name="@BeforeClass homePageSetup" time="0.002" classname="com.qa.orangeHRM.tests.HomePageTest">
    <failure type="java.lang.NullPointerException">
      <![CDATA[java.lang.NullPointerException
at com.qa.orangeHRM.tests.HomePageTest.homePageSetup(HomePageTest.java:15)
at sun.reflect.NativeMethodAccessorImpl.invoke0(Native Method)
at sun.reflect.NativeMethodAccessorImpl.invoke(NativeMethodAccessorImpl.java:62)
at sun.reflect.DelegatingMethodAccessorImpl.invoke(DelegatingMethodAccessorImpl.java:43)
at java.lang.reflect.Method.invoke(Method.java:498)
at org.testng.internal.MethodInvocationHelper.invokeMethod(MethodInvocationHelper.java:124)
at org.testng.internal.MethodInvocationHelper.invokeMethodConsideringTimeout(MethodInvocationHelper.java:59)
at org.testng.internal.Invoker.invokeConfigurationMethod(Invoker.java:458)
at org.testng.internal.Invoker.invokeConfigurations(Invoker.java:222)
at org.testng.internal.Invoker.invokeConfigurations(Invoker.java:142)
at org.testng.internal.TestMethodWorker.invokeBeforeClassMethods(TestMethodWorker.java:168)
at org.testng.internal.TestMethodWorker.run(TestMethodWorker.java:105)
at org.testng.TestRunner.privateRun(TestRunner.java:648)
at org.testng.TestRunner.run(TestRunner.java:505)
at org.testng.SuiteRunner.runTest(SuiteRunner.java:455)
at org.testng.SuiteRunner.access$000(SuiteRunner.java:40)
at org.testng.SuiteRunner$SuiteWorker.run(SuiteRunner.java:489)
at org.testng.internal.thread.ThreadUtil$1.call(ThreadUtil.java:52)
at java.util.concurrent.FutureTask.run(FutureTask.java:266)
at java.util.concurrent.ThreadPoolExecutor.runWorker(ThreadPoolExecutor.java:1149)
at java.util.concurrent.ThreadPoolExecutor$Worker.run(ThreadPoolExecutor.java:624)
at java.lang.Thread.run(Thread.java:748)
]]>
    </failure>
  </testcase> <!-- @BeforeClass homePageSetup -->
  <testcase name="verifyForgotPasswrodLink" time="0.076" classname="com.qa.orangeHRM.tests.LoginPageTest"/>
  <testcase name="verifyHomePageTitle" time="0.0" classname="com.qa.orangeHRM.tests.HomePageTest">
    <skipped/>
  </testcase> <!-- verifyHomePageTitle -->
  <testcase name="verifyLoginPageTitle" time="0.011" classname="com.qa.orangeHRM.tests.LoginPageTest"/>
  <testcase name="HomePageHeaderTest" time="0.0" classname="com.qa.orangeHRM.tests.HomePageTest">
    <skipped/>
  </testcase> <!-- HomePageHeaderTest -->
  <testcase name="loginTest" time="1.369" classname="com.qa.orangeHRM.tests.LoginPageTest"/>
  <testcase name="UserAccountNameTest" time="0.0" classname="com.qa.orangeHRM.tests.HomePageTest">
    <skipped/>
  </testcase> <!-- UserAccountNameTest -->
  <testcase name="NotificationIconTest" time="0.0" classname="com.qa.orangeHRM.tests.HomePageTest">
    <skipped/>
  </testcase> <!-- NotificationIconTest -->
  <testcase name="@BeforeTest setUp" time="0.0" classname="com.qa.orangeHRM.base.BaseTest">
    <ignored/>
  </testcase> <!-- @BeforeTest setUp -->
  <testcase name="@AfterTest tearDown" time="0.0" classname="com.qa.orangeHRM.base.BaseTest">
    <ignored/>
  </testcase> <!-- @AfterTest tearDown -->
</testsuite> <!-- Login page Test - FF -->
